[2017-01-30 21:05:25] sh: 1: cannot create /sys/class/i2c-adapter/i2c-1/new_device: Directory nonexistent
[2017-01-30 21:05:25] Seems Witty Pi board is not connected? Quitting...
[2017-01-30 21:05:41] Witty Pi 2 daemon (v2.52) is started.
[2017-01-30 21:05:43] Synchronizing time between system and Witty Pi...
[2017-01-30 21:05:44] Writing RTC time to system...
[2017-01-30 21:06:04] Done :-)
[2017-01-30 21:06:06] File "schedule.wpi" not found, skip running schedule script.
[2017-01-30 21:06:10] Pending for incoming shutdown command...
[2017-01-30 21:06:14] Internet detected, apply NTP time to system and Witty Pi...
[2017-01-30 21:06:21] Writing system time to RTC...
[2017-01-30 21:06:22] Done :-)
[2017-01-30 21:07:38] Witty Pi 2 daemon (v2.52) is started.
[2017-01-30 21:07:40] Synchronizing time between system and Witty Pi...
[2017-01-30 21:07:40] Writing RTC time to system...
[2017-01-30 21:08:17] Done :-)
[2017-01-30 21:08:19] File "schedule.wpi" not found, skip running schedule script.
[2017-01-30 21:08:23] Pending for incoming shutdown command...
[2017-01-30 21:08:27] Internet detected, apply NTP time to system and Witty Pi...
[2017-01-30 21:08:35] Writing system time to RTC...
[2017-01-30 21:08:35] Done :-)
[2017-01-30 21:10:12] Witty Pi 2 daemon (v2.52) is started.
[2017-01-30 21:10:14] Synchronizing time between system and Witty Pi...
[2017-01-30 21:10:15] Writing RTC time to system...
[2017-01-30 21:10:22] Done :-)
[2017-01-30 21:10:24] File "schedule.wpi" not found, skip running schedule script.
[2017-01-30 21:10:28] Pending for incoming shutdown command...
[2017-01-30 21:10:32] Internet detected, apply NTP time to system and Witty Pi...
[2017-01-30 21:10:40] Writing system time to RTC...
[2017-01-30 21:10:42] Done :-)
[2017-01-30 21:10:59] Witty Pi 2 daemon (v2.52) is started.
[2017-01-30 21:11:01] Synchronizing time between system and Witty Pi...
[2017-01-30 21:11:02] Writing RTC time to system...
[2017-01-30 21:11:29] Done :-)
[2017-01-30 21:11:31] File "schedule.wpi" not found, skip running schedule script.
[2017-01-30 21:11:35] Pending for incoming shutdown command...
[2017-01-30 21:11:39] Internet detected, apply NTP time to system and Witty Pi...
[2017-01-30 21:11:46] Writing system time to RTC...
[2017-01-30 21:11:48] Done :-)
